c:\users\k0swel\onedrive\рабочий стол\яп лабы\2 лаба\console_app\console_app\x64\debug\vc143.pdb
c:\users\k0swel\onedrive\рабочий стол\яп лабы\2 лаба\console_app\console_app\x64\debug\vc143.idb
c:\users\k0swel\onedrive\рабочий стол\яп лабы\2 лаба\console_app\console_app\x64\debug\spoint.obj
c:\users\k0swel\onedrive\рабочий стол\яп лабы\2 лаба\console_app\console_app\x64\debug\is_palindrom.obj
c:\users\k0swel\onedrive\рабочий стол\яп лабы\2 лаба\console_app\console_app\x64\debug\console_app.obj
c:\users\k0swel\onedrive\рабочий стол\яп лабы\2 лаба\console_app\console_app\x64\debug\graham.obj
c:\users\k0swel\onedrive\рабочий стол\яп лабы\2 лаба\console_app\console_app\x64\debug\console_app.ilk
c:\users\k0swel\onedrive\рабочий стол\яп лабы\2 лаба\console_app\x64\debug\console_app.pdb
c:\users\k0swel\onedrive\рабочий стол\яп лабы\2 лаба\console_app\console_app\x64\debug\console_app.tlog\cl.command.1.tlog
c:\users\k0swel\onedrive\рабочий стол\яп лабы\2 лаба\console_app\console_app\x64\debug\console_app.tlog\cl.items.tlog
c:\users\k0swel\onedrive\рабочий стол\яп лабы\2 лаба\console_app\console_app\x64\debug\console_app.tlog\cl.read.1.tlog
c:\users\k0swel\onedrive\рабочий стол\яп лабы\2 лаба\console_app\console_app\x64\debug\console_app.tlog\cl.write.1.tlog
c:\users\k0swel\onedrive\рабочий стол\яп лабы\2 лаба\console_app\console_app\x64\debug\console_app.tlog\link-cvtres.read.1.tlog
c:\users\k0swel\onedrive\рабочий стол\яп лабы\2 лаба\console_app\console_app\x64\debug\console_app.tlog\link-cvtres.write.1.tlog
c:\users\k0swel\onedrive\рабочий стол\яп лабы\2 лаба\console_app\console_app\x64\debug\console_app.tlog\link-rc.read.1.tlog
c:\users\k0swel\onedrive\рабочий стол\яп лабы\2 лаба\console_app\console_app\x64\debug\console_app.tlog\link-rc.write.1.tlog
c:\users\k0swel\onedrive\рабочий стол\яп лабы\2 лаба\console_app\console_app\x64\debug\console_app.tlog\link.23648-cvtres.read.1.tlog
c:\users\k0swel\onedrive\рабочий стол\яп лабы\2 лаба\console_app\console_app\x64\debug\console_app.tlog\link.23648-cvtres.write.1.tlog
c:\users\k0swel\onedrive\рабочий стол\яп лабы\2 лаба\console_app\console_app\x64\debug\console_app.tlog\link.23648-rc.read.1.tlog
c:\users\k0swel\onedrive\рабочий стол\яп лабы\2 лаба\console_app\console_app\x64\debug\console_app.tlog\link.23648-rc.write.1.tlog
c:\users\k0swel\onedrive\рабочий стол\яп лабы\2 лаба\console_app\console_app\x64\debug\console_app.tlog\link.23648.read.1.tlog
c:\users\k0swel\onedrive\рабочий стол\яп лабы\2 лаба\console_app\console_app\x64\debug\console_app.tlog\link.23648.read.2.tlog
c:\users\k0swel\onedrive\рабочий стол\яп лабы\2 лаба\console_app\console_app\x64\debug\console_app.tlog\link.23648.write.1.tlog
c:\users\k0swel\onedrive\рабочий стол\яп лабы\2 лаба\console_app\console_app\x64\debug\console_app.tlog\link.command.1.tlog
c:\users\k0swel\onedrive\рабочий стол\яп лабы\2 лаба\console_app\console_app\x64\debug\console_app.tlog\link.read.1.tlog
c:\users\k0swel\onedrive\рабочий стол\яп лабы\2 лаба\console_app\console_app\x64\debug\console_app.tlog\link.read.2.tlog
c:\users\k0swel\onedrive\рабочий стол\яп лабы\2 лаба\console_app\console_app\x64\debug\console_app.tlog\link.secondary.1.tlog
c:\users\k0swel\onedrive\рабочий стол\яп лабы\2 лаба\console_app\console_app\x64\debug\console_app.tlog\link.write.1.tlog
